[2012-11-11 21:33:11,38] [INFO] Executed SQL: SELECT * FROM users LIMIT 1 OFFSET 0
[2012-11-11 21:33:11,38] [INFO] Bind statement: 
[2012-11-11 21:33:11,38] [ERROR] Invalid template file path: /Users/stay/workspace2/WebStream/app/views/sample/Array
	#0 /Users/stay/workspace2/WebStream/core/CoreView.php(49): WebStream\CoreView->draw('/Users/stay/wor...', Array, 'html')
	#1 /Users/stay/workspace2/WebStream/core/CoreView.php(60): WebStream\CoreView->render(Array, Array, 'html')
	#2 /Users/stay/workspace2/WebStream/core/CoreController.php(91): WebStream\CoreView->render2(Array, Array, Array)
	#3 [internal function]: WebStream\CoreController->render2(Array, Array, Array)
	#4 /Users/stay/workspace2/WebStream/core/Application.php(170): ReflectionMethod->invoke(Object(WebStream\SampleController), Array, Array, Array)
	#5 /Users/stay/workspace2/WebStream/core/Application.php(92): WebStream\Application->runContoller()
	#6 /Users/stay/workspace2/WebStream/bootstrap.php(21): WebStream\Application->run()
	#7 /Users/stay/workspace2/WebStream/index.php(2): require('/Users/stay/wor...')
	#8 {main}
[2012-11-11 21:33:11,38] [INFO] HTTP access occured: status code 500
[2012-11-11 21:33:40,97] [INFO] Executed SQL: SELECT * FROM users LIMIT 1 OFFSET 0
[2012-11-11 21:33:40,97] [INFO] Bind statement: 
[2012-11-11 21:33:40,98] [ERROR] Invalid template file path: /Users/stay/workspace2/WebStream/app/views/sample/Array
	#0 /Users/stay/workspace2/WebStream/core/CoreView.php(49): WebStream\CoreView->draw('/Users/stay/wor...', Array, 'html')
	#1 /Users/stay/workspace2/WebStream/core/CoreView.php(60): WebStream\CoreView->render(Array, Array, 'html')
	#2 /Users/stay/workspace2/WebStream/core/CoreController.php(91): WebStream\CoreView->render2(Array, Array, Array)
	#3 [internal function]: WebStream\CoreController->render2(Array, Array, Array)
	#4 /Users/stay/workspace2/WebStream/core/Application.php(171): ReflectionMethod->invoke(Object(WebStream\SampleController), Array, Array, Array)
	#5 /Users/stay/workspace2/WebStream/core/Application.php(92): WebStream\Application->runContoller()
	#6 /Users/stay/workspace2/WebStream/bootstrap.php(21): WebStream\Application->run()
	#7 /Users/stay/workspace2/WebStream/index.php(2): require('/Users/stay/wor...')
	#8 {main}
[2012-11-11 21:33:40,98] [INFO] HTTP access occured: status code 500
[2012-11-11 21:35:39,64] [INFO] Executed SQL: SELECT * FROM users LIMIT 1 OFFSET 0
[2012-11-11 21:35:39,64] [INFO] Bind statement: 
[2012-11-11 21:35:39,65] [ERROR] Invalid template file path: /Users/stay/workspace2/WebStream/app/views/sample/base2.tmpl
	#0 /Users/stay/workspace2/WebStream/core/CoreView.php(49): WebStream\CoreView->draw('/Users/stay/wor...', Array, 'html')
	#1 /Users/stay/workspace2/WebStream/core/CoreView.php(60): WebStream\CoreView->render('base2.tmpl', Array, 'html')
	#2 /Users/stay/workspace2/WebStream/core/CoreController.php(91): WebStream\CoreView->render2('base2.tmpl', Array, Array)
	#3 [internal function]: WebStream\CoreController->render2('base2.tmpl', Array, Array)
	#4 /Users/stay/workspace2/WebStream/core/Application.php(171): ReflectionMethod->invoke(Object(WebStream\SampleController), 'base2.tmpl', Array, Array)
	#5 /Users/stay/workspace2/WebStream/core/Application.php(92): WebStream\Application->runContoller()
	#6 /Users/stay/workspace2/WebStream/bootstrap.php(21): WebStream\Application->run()
	#7 /Users/stay/workspace2/WebStream/index.php(2): require('/Users/stay/wor...')
	#8 {main}
[2012-11-11 21:35:39,65] [INFO] HTTP access occured: status code 500
[2012-11-11 21:48:41,41] [INFO] Executed SQL: SELECT * FROM users LIMIT 1 OFFSET 0
[2012-11-11 21:48:41,41] [INFO] Bind statement: 
[2012-11-11 21:48:41,41] [ERROR] Invalid template file path: /Users/stay/workspace2/WebStream/app/views/sample/base2.tmpl
	#0 /Users/stay/workspace2/WebStream/core/CoreView.php(49): WebStream\CoreView->draw('/Users/stay/wor...', Array, 'html')
	#1 /Users/stay/workspace2/WebStream/core/CoreView.php(60): WebStream\CoreView->render('base2.tmpl', Array, 'html')
	#2 /Users/stay/workspace2/WebStream/core/CoreController.php(91): WebStream\CoreView->render2('base2.tmpl', Array, Array)
	#3 [internal function]: WebStream\CoreController->render2('base2.tmpl', Array, Array)
	#4 /Users/stay/workspace2/WebStream/core/Application.php(174): ReflectionMethod->invoke(Object(WebStream\SampleController), 'base2.tmpl', Array, Array)
	#5 /Users/stay/workspace2/WebStream/core/Application.php(92): WebStream\Application->runContoller()
	#6 /Users/stay/workspace2/WebStream/bootstrap.php(21): WebStream\Application->run()
	#7 /Users/stay/workspace2/WebStream/index.php(2): require('/Users/stay/wor...')
	#8 {main}
[2012-11-11 21:48:41,41] [INFO] HTTP access occured: status code 500
[2012-11-11 21:53:18,65] [INFO] Executed SQL: SELECT * FROM users LIMIT 1 OFFSET 0
[2012-11-11 21:53:18,65] [INFO] Bind statement: 
[2012-11-11 21:53:18,69] [ERROR] Invalid template file path: /Users/stay/workspace2/WebStream/app/views/sample/base2.tmpl
	#0 /Users/stay/workspace2/WebStream/core/CoreView.php(49): WebStream\CoreView->draw('/Users/stay/wor...', Array, 'html')
	#1 /Users/stay/workspace2/WebStream/core/CoreView.php(60): WebStream\CoreView->render('base2.tmpl', Array, 'html')
	#2 /Users/stay/workspace2/WebStream/core/CoreController.php(91): WebStream\CoreView->render2('base2.tmpl', Array, Array)
	#3 [internal function]: WebStream\CoreController->render2('base2.tmpl', Array, Array)
	#4 /Users/stay/workspace2/WebStream/core/Application.php(174): ReflectionMethod->invoke(Object(WebStream\SampleController), 'base2.tmpl', Array, Array)
	#5 /Users/stay/workspace2/WebStream/core/Application.php(92): WebStream\Application->runContoller()
	#6 /Users/stay/workspace2/WebStream/bootstrap.php(21): WebStream\Application->run()
	#7 /Users/stay/workspace2/WebStream/index.php(2): require('/Users/stay/wor...')
	#8 {main}
[2012-11-11 21:53:18,69] [INFO] HTTP access occured: status code 500
[2012-11-11 21:56:28,48] [INFO] Executed SQL: SELECT * FROM users LIMIT 1 OFFSET 0
[2012-11-11 21:56:28,48] [INFO] Bind statement: 
[2012-11-11 21:56:28,49] [ERROR] Invalid template file path: /Users/stay/workspace2/WebStream/app/views/sample/base2.tmpl
	#0 /Users/stay/workspace2/WebStream/core/CoreView.php(49): WebStream\CoreView->draw('/Users/stay/wor...', Array, 'html')
	#1 /Users/stay/workspace2/WebStream/core/CoreView.php(60): WebStream\CoreView->render('base2.tmpl', Array, 'html')
	#2 /Users/stay/workspace2/WebStream/core/CoreController.php(91): WebStream\CoreView->render2('base2.tmpl', Array, Array)
	#3 [internal function]: WebStream\CoreController->render2('base2.tmpl', Array, Array)
	#4 /Users/stay/workspace2/WebStream/core/Application.php(175): ReflectionMethod->invoke(Object(WebStream\SampleController), 'base2.tmpl', Array, Array)
	#5 /Users/stay/workspace2/WebStream/core/Application.php(92): WebStream\Application->runContoller()
	#6 /Users/stay/workspace2/WebStream/bootstrap.php(21): WebStream\Application->run()
	#7 /Users/stay/workspace2/WebStream/index.php(2): require('/Users/stay/wor...')
	#8 {main}
[2012-11-11 21:56:28,49] [INFO] HTTP access occured: status code 500
[2012-11-11 22:01:39,64] [INFO] Executed SQL: SELECT * FROM users LIMIT 1 OFFSET 0
[2012-11-11 22:01:39,64] [INFO] Bind statement: 
[2012-11-11 22:01:39,65] [ERROR] Invalid template file path: /Users/stay/workspace2/WebStream/app/views/sample/base2.tmpl
	#0 /Users/stay/workspace2/WebStream/core/CoreView.php(49): WebStream\CoreView->draw('/Users/stay/wor...', Array, 'html')
	#1 /Users/stay/workspace2/WebStream/core/CoreView.php(60): WebStream\CoreView->render('base2.tmpl', Array, 'html')
	#2 /Users/stay/workspace2/WebStream/core/CoreController.php(91): WebStream\CoreView->render2('base2.tmpl', Array, Array)
	#3 [internal function]: WebStream\CoreController->render2('base2.tmpl', Array, Array)
	#4 /Users/stay/workspace2/WebStream/core/Application.php(173): ReflectionMethod->invoke(Object(WebStream\SampleController), 'base2.tmpl', Array, Array)
	#5 /Users/stay/workspace2/WebStream/core/Application.php(94): WebStream\Application->runContoller()
	#6 /Users/stay/workspace2/WebStream/bootstrap.php(21): WebStream\Application->run()
	#7 /Users/stay/workspace2/WebStream/index.php(2): require('/Users/stay/wor...')
	#8 {main}
[2012-11-11 22:01:39,65] [INFO] HTTP access occured: status code 500
[2012-11-11 22:01:58, 1] [INFO] Executed SQL: SELECT * FROM users LIMIT 1 OFFSET 0
[2012-11-11 22:01:58, 1] [INFO] Bind statement: 
[2012-11-11 22:01:58, 1] [ERROR] Invalid template file path: /Users/stay/workspace2/WebStream/app/views/sample/base2.tmpl
	#0 /Users/stay/workspace2/WebStream/core/CoreView.php(49): WebStream\CoreView->draw('/Users/stay/wor...', Array, 'html')
	#1 /Users/stay/workspace2/WebStream/core/CoreView.php(60): WebStream\CoreView->render('base2.tmpl', Array, 'html')
	#2 /Users/stay/workspace2/WebStream/core/CoreController.php(91): WebStream\CoreView->render2('base2.tmpl', Array, Array)
	#3 [internal function]: WebStream\CoreController->render2('base2.tmpl', Array, Array)
	#4 /Users/stay/workspace2/WebStream/core/Application.php(173): ReflectionMethod->invoke(Object(WebStream\SampleController), 'base2.tmpl', Array, Array)
	#5 /Users/stay/workspace2/WebStream/core/Application.php(94): WebStream\Application->runContoller()
	#6 /Users/stay/workspace2/WebStream/bootstrap.php(21): WebStream\Application->run()
	#7 /Users/stay/workspace2/WebStream/index.php(2): require('/Users/stay/wor...')
	#8 {main}
[2012-11-11 22:01:58, 1] [INFO] HTTP access occured: status code 500
[2012-11-11 22:07:16, 3] [INFO] Executed SQL: SELECT * FROM users LIMIT 1 OFFSET 0
[2012-11-11 22:07:16, 3] [INFO] Bind statement: 
[2012-11-11 22:07:16, 4] [ERROR] Invalid template file path: /Users/stay/workspace2/WebStream/app/views/sample/base2.tmpl
	#0 /Users/stay/workspace2/WebStream/core/CoreView.php(49): WebStream\CoreView->draw('/Users/stay/wor...', Array, Array)
	#1 /Users/stay/workspace2/WebStream/core/CoreController.php(92): WebStream\CoreView->render('base2.tmpl', Array, Array)
	#2 [internal function]: WebStream\CoreController->render2('base2.tmpl', Array, Array)
	#3 /Users/stay/workspace2/WebStream/core/Application.php(173): ReflectionMethod->invoke(Object(WebStream\SampleController), 'base2.tmpl', Array, Array)
	#4 /Users/stay/workspace2/WebStream/core/Application.php(94): WebStream\Application->runContoller()
	#5 /Users/stay/workspace2/WebStream/bootstrap.php(21): WebStream\Application->run()
	#6 /Users/stay/workspace2/WebStream/index.php(2): require('/Users/stay/wor...')
	#7 {main}
[2012-11-11 22:07:16, 4] [INFO] HTTP access occured: status code 500
[2012-11-11 22:08:18, 1] [INFO] Executed SQL: SELECT * FROM users LIMIT 1 OFFSET 0
[2012-11-11 22:08:18, 1] [INFO] Bind statement: 
[2012-11-11 22:08:18, 2] [ERROR] Invalid template file path: /Users/stay/workspace2/WebStream/app/views/sample/base2.tmpl
	#0 /Users/stay/workspace2/WebStream/core/CoreView.php(50): WebStream\CoreView->draw('/Users/stay/wor...', Array, Array)
	#1 /Users/stay/workspace2/WebStream/core/CoreController.php(92): WebStream\CoreView->render('base2.tmpl', Array, Array)
	#2 [internal function]: WebStream\CoreController->render2('base2.tmpl', Array, Array)
	#3 /Users/stay/workspace2/WebStream/core/Application.php(173): ReflectionMethod->invoke(Object(WebStream\SampleController), 'base2.tmpl', Array, Array)
	#4 /Users/stay/workspace2/WebStream/core/Application.php(94): WebStream\Application->runContoller()
	#5 /Users/stay/workspace2/WebStream/bootstrap.php(21): WebStream\Application->run()
	#6 /Users/stay/workspace2/WebStream/index.php(2): require('/Users/stay/wor...')
	#7 {main}
[2012-11-11 22:08:18, 2] [INFO] HTTP access occured: status code 500
[2012-11-11 22:09:33, 6] [INFO] Executed SQL: SELECT * FROM users LIMIT 1 OFFSET 0
[2012-11-11 22:09:33, 6] [INFO] Bind statement: 
[2012-11-11 22:09:33, 6] [ERROR] Invalid template file path: /Users/stay/workspace2/WebStream/app/views/sample/base2.tmpl
	#0 /Users/stay/workspace2/WebStream/core/CoreView.php(50): WebStream\CoreView->draw('/Users/stay/wor...', Array, 'html')
	#1 /Users/stay/workspace2/WebStream/core/CoreController.php(92): WebStream\CoreView->render('base2.tmpl', Array, 'html')
	#2 [internal function]: WebStream\CoreController->render2('base2.tmpl', Array, Array)
	#3 /Users/stay/workspace2/WebStream/core/Application.php(173): ReflectionMethod->invoke(Object(WebStream\SampleController), 'base2.tmpl', Array, Array)
	#4 /Users/stay/workspace2/WebStream/core/Application.php(94): WebStream\Application->runContoller()
	#5 /Users/stay/workspace2/WebStream/bootstrap.php(21): WebStream\Application->run()
	#6 /Users/stay/workspace2/WebStream/index.php(2): require('/Users/stay/wor...')
	#7 {main}
[2012-11-11 22:09:33, 6] [INFO] HTTP access occured: status code 500
[2012-11-11 22:10:05,16] [INFO] Executed SQL: SELECT * FROM users LIMIT 1 OFFSET 0
[2012-11-11 22:10:05,16] [INFO] Bind statement: 
[2012-11-11 22:10:05,17] [ERROR] Invalid template file path: /Users/stay/workspace2/WebStream/app/views/sample/base2.tmpl
	#0 /Users/stay/workspace2/WebStream/core/CoreView.php(50): WebStream\CoreView->draw('/Users/stay/wor...', Array, 'html')
	#1 /Users/stay/workspace2/WebStream/core/CoreController.php(92): WebStream\CoreView->render('base2.tmpl', Array, 'html')
	#2 [internal function]: WebStream\CoreController->render2('base2.tmpl', Array, Array)
	#3 /Users/stay/workspace2/WebStream/core/Application.php(174): ReflectionMethod->invoke(Object(WebStream\SampleController), 'base2.tmpl', Array, Array)
	#4 /Users/stay/workspace2/WebStream/core/Application.php(94): WebStream\Application->runContoller()
	#5 /Users/stay/workspace2/WebStream/bootstrap.php(21): WebStream\Application->run()
	#6 /Users/stay/workspace2/WebStream/index.php(2): require('/Users/stay/wor...')
	#7 {main}
[2012-11-11 22:10:05,17] [INFO] HTTP access occured: status code 500
[2012-11-11 22:10:22,39] [INFO] Executed SQL: SELECT * FROM users LIMIT 1 OFFSET 0
[2012-11-11 22:10:22,40] [INFO] Bind statement: 
[2012-11-11 22:10:22,40] [ERROR] Invalid template file path: /Users/stay/workspace2/WebStream/app/views/sample/base2.tmpl
	#0 /Users/stay/workspace2/WebStream/core/CoreView.php(50): WebStream\CoreView->draw('/Users/stay/wor...', Array, 'html')
	#1 /Users/stay/workspace2/WebStream/core/CoreController.php(92): WebStream\CoreView->render('base2.tmpl', Array, 'html')
	#2 [internal function]: WebStream\CoreController->render2('base2.tmpl', Array, Array)
	#3 /Users/stay/workspace2/WebStream/core/Application.php(174): ReflectionMethod->invoke(Object(WebStream\SampleController), 'base2.tmpl', Array, Array)
	#4 /Users/stay/workspace2/WebStream/core/Application.php(94): WebStream\Application->runContoller()
	#5 /Users/stay/workspace2/WebStream/bootstrap.php(21): WebStream\Application->run()
	#6 /Users/stay/workspace2/WebStream/index.php(2): require('/Users/stay/wor...')
	#7 {main}
[2012-11-11 22:10:22,40] [INFO] HTTP access occured: status code 500
[2012-11-11 22:10:55,41] [INFO] Executed SQL: SELECT * FROM users LIMIT 1 OFFSET 0
[2012-11-11 22:10:55,41] [INFO] Bind statement: 
[2012-11-11 22:10:55,43] [ERROR] Invalid template file path: /Users/stay/workspace2/WebStream/app/views/sample/base2.tmpl
	#0 /Users/stay/workspace2/WebStream/core/CoreView.php(50): WebStream\CoreView->draw('/Users/stay/wor...', Array, 'html')
	#1 /Users/stay/workspace2/WebStream/core/CoreController.php(92): WebStream\CoreView->render('base2.tmpl', Array, 'html')
	#2 [internal function]: WebStream\CoreController->render2('base2.tmpl', Array, Array)
	#3 /Users/stay/workspace2/WebStream/core/Application.php(173): ReflectionMethod->invoke(Object(WebStream\SampleController), 'base2.tmpl', Array, Array)
	#4 /Users/stay/workspace2/WebStream/core/Application.php(94): WebStream\Application->runContoller()
	#5 /Users/stay/workspace2/WebStream/bootstrap.php(21): WebStream\Application->run()
	#6 /Users/stay/workspace2/WebStream/index.php(2): require('/Users/stay/wor...')
	#7 {main}
[2012-11-11 22:10:55,43] [INFO] HTTP access occured: status code 500
[2012-11-11 22:11:13,76] [INFO] Executed SQL: SELECT * FROM users LIMIT 1 OFFSET 0
[2012-11-11 22:11:13,77] [INFO] Bind statement: 
[2012-11-11 22:11:13,77] [ERROR] Invalid template file path: /Users/stay/workspace2/WebStream/app/views/sample/base2.tmpl
	#0 /Users/stay/workspace2/WebStream/core/CoreView.php(50): WebStream\CoreView->draw('/Users/stay/wor...', Array, 'html')
	#1 /Users/stay/workspace2/WebStream/core/CoreController.php(92): WebStream\CoreView->render('base2.tmpl', Array, 'html')
	#2 [internal function]: WebStream\CoreController->render2('base2.tmpl', Array, Array)
	#3 /Users/stay/workspace2/WebStream/core/Application.php(173): ReflectionMethod->invoke(Object(WebStream\SampleController), 'base2.tmpl', Array, Array)
	#4 /Users/stay/workspace2/WebStream/core/Application.php(94): WebStream\Application->runContoller()
	#5 /Users/stay/workspace2/WebStream/bootstrap.php(21): WebStream\Application->run()
	#6 /Users/stay/workspace2/WebStream/index.php(2): require('/Users/stay/wor...')
	#7 {main}
[2012-11-11 22:11:13,77] [INFO] HTTP access occured: status code 500
[2012-11-11 22:11:58, 7] [INFO] Executed SQL: SELECT * FROM users LIMIT 1 OFFSET 0
[2012-11-11 22:11:58, 7] [INFO] Bind statement: 
[2012-11-11 22:13:04,98] [INFO] Executed SQL: SELECT * FROM users LIMIT 1 OFFSET 0
[2012-11-11 22:13:04,98] [INFO] Bind statement: 
[2012-11-11 22:13:58,53] [INFO] Executed SQL: SELECT * FROM users LIMIT 1 OFFSET 0
[2012-11-11 22:13:58,53] [INFO] Bind statement: 
[2012-11-11 22:14:47,13] [INFO] Executed SQL: SELECT * FROM users LIMIT 1 OFFSET 0
[2012-11-11 22:14:47,13] [INFO] Bind statement: 
[2012-11-11 22:18:02,21] [INFO] Executed SQL: SELECT * FROM users LIMIT 1 OFFSET 0
[2012-11-11 22:18:02,21] [INFO] Bind statement: 
[2012-11-11 22:21:16,98] [INFO] Executed SQL: SELECT * FROM users LIMIT 1 OFFSET 0
[2012-11-11 22:21:16,98] [INFO] Bind statement: 
[2012-11-11 22:22:19,28] [INFO] Executed SQL: SELECT * FROM users LIMIT 1 OFFSET 0
[2012-11-11 22:22:19,28] [INFO] Bind statement: 
[2012-11-11 22:23:43,83] [INFO] Executed SQL: SELECT * FROM users LIMIT 1 OFFSET 0
[2012-11-11 22:23:43,83] [INFO] Bind statement: 
[2012-11-11 22:24:23, 7] [INFO] Executed SQL: SELECT * FROM users LIMIT 1 OFFSET 0
[2012-11-11 22:24:23, 7] [INFO] Bind statement: 
[2012-11-11 22:25:24,78] [INFO] Executed SQL: SELECT * FROM users LIMIT 1 OFFSET 0
[2012-11-11 22:25:24,78] [INFO] Bind statement: 
[2012-11-11 22:26:26,37] [INFO] Executed SQL: SELECT * FROM users LIMIT 1 OFFSET 0
[2012-11-11 22:26:26,37] [INFO] Bind statement: 
[2012-11-11 22:26:39,91] [INFO] Executed SQL: SELECT * FROM users LIMIT 1 OFFSET 0
[2012-11-11 22:26:39,91] [INFO] Bind statement: 
[2012-11-11 22:27:28,54] [INFO] Executed SQL: SELECT * FROM users LIMIT 1 OFFSET 0
[2012-11-11 22:27:28,54] [INFO] Bind statement: 
[2012-11-11 22:28:50,27] [INFO] Executed SQL: SELECT * FROM users LIMIT 1 OFFSET 0
[2012-11-11 22:28:50,27] [INFO] Bind statement: 
[2012-11-11 22:31:32, 4] [INFO] Executed SQL: SELECT * FROM users LIMIT 1 OFFSET 0
[2012-11-11 22:31:32, 4] [INFO] Bind statement: 
[2012-11-11 22:32:24,16] [INFO] Executed SQL: SELECT * FROM users LIMIT 1 OFFSET 0
[2012-11-11 22:32:24,16] [INFO] Bind statement: 
[2012-11-11 22:33:54,53] [INFO] Executed SQL: SELECT * FROM users LIMIT 1 OFFSET 0
[2012-11-11 22:33:54,53] [INFO] Bind statement: 
[2012-11-11 22:34:55,76] [INFO] Executed SQL: SELECT * FROM users LIMIT 1 OFFSET 0
[2012-11-11 22:34:55,76] [INFO] Bind statement: 
[2012-11-11 22:37:01,99] [INFO] Executed SQL: SELECT * FROM users LIMIT 1 OFFSET 0
[2012-11-11 22:37:01,99] [INFO] Bind statement: 
[2012-11-11 22:37:34,27] [INFO] Executed SQL: SELECT * FROM users LIMIT 1 OFFSET 0
[2012-11-11 22:37:34,27] [INFO] Bind statement: 
[2012-11-11 22:47:22,74] [INFO] Executed SQL: SELECT * FROM users LIMIT 1 OFFSET 0
[2012-11-11 22:47:22,75] [INFO] Bind statement: 
[2012-11-11 22:48:04, 0] [INFO] Executed SQL: SELECT * FROM users LIMIT 1 OFFSET 0
[2012-11-11 22:48:04, 0] [INFO] Bind statement: 
[2012-11-11 22:48:23,68] [INFO] Executed SQL: SELECT * FROM users LIMIT 1 OFFSET 0
[2012-11-11 22:48:23,69] [INFO] Bind statement: 
[2012-11-11 22:56:24,25] [INFO] Executed SQL: SELECT * FROM users LIMIT 1 OFFSET 0
[2012-11-11 22:56:24,25] [INFO] Bind statement: 
[2012-11-11 22:56:24,25] [ERROR] '@SQL(users.users)' is invalid @SQL annotation value at WebStream\SampleModel#model1: /render
[2012-11-11 22:56:24,25] [INFO] HTTP access occured: status code 404
[2012-11-11 22:57:06,96] [INFO] Executed SQL: SELECT * FROM users LIMIT 1 OFFSET 0
[2012-11-11 22:57:06,96] [INFO] Bind statement: 
[2012-11-12 21:02:04,30] [INFO] Executed SQL: SELECT * FROM users LIMIT 1 OFFSET 0
[2012-11-12 21:02:04,30] [INFO] Bind statement: 
[2012-11-12 21:10:54,69] [INFO] Executed SQL: SELECT * FROM users LIMIT 1 OFFSET 0
[2012-11-12 21:10:54,69] [INFO] Bind statement: 
[2012-11-12 21:11:32,70] [INFO] Executed SQL: SELECT * FROM users LIMIT 1 OFFSET 0
[2012-11-12 21:11:32,70] [INFO] Bind statement: 
[2012-11-12 21:11:44,16] [INFO] Executed SQL: SELECT * FROM users LIMIT 1 OFFSET 0
[2012-11-12 21:11:44,16] [INFO] Bind statement: 
[2012-11-12 21:13:43,11] [INFO] Executed SQL: SELECT * FROM users LIMIT 1 OFFSET 0
[2012-11-12 21:13:43,11] [INFO] Bind statement: 
[2012-11-12 21:15:58,56] [INFO] Executed SQL: SELECT * FROM users LIMIT 1 OFFSET 0
[2012-11-12 21:15:58,56] [INFO] Bind statement: 
[2012-11-12 21:16:09,38] [INFO] Executed SQL: SELECT * FROM users LIMIT 1 OFFSET 0
[2012-11-12 21:16:09,38] [INFO] Bind statement: 
[2012-11-12 21:17:23,21] [INFO] Executed SQL: SELECT * FROM users LIMIT 1 OFFSET 0
[2012-11-12 21:17:23,21] [INFO] Bind statement: 
[2012-11-12 21:22:42,43] [INFO] Executed SQL: SELECT * FROM users LIMIT 1 OFFSET 0
[2012-11-12 21:22:42,43] [INFO] Bind statement: 
[2012-11-12 21:23:12,80] [INFO] Executed SQL: SELECT * FROM users LIMIT 1 OFFSET 0
[2012-11-12 21:23:12,80] [INFO] Bind statement: 
[2012-11-12 21:23:16,96] [INFO] Executed SQL: SELECT * FROM users LIMIT 1 OFFSET 0
[2012-11-12 21:23:16,96] [INFO] Bind statement: 
[2012-11-12 21:26:22,88] [ERROR] Failed to resolve the routing: /core/test/testdata/
[2012-11-12 21:26:22,88] [INFO] HTTP access occured: status code 404
[2012-11-12 21:26:22,90] [ERROR] Failed to resolve the routing: /core/test/testdata/top
[2012-11-12 21:26:22,90] [INFO] HTTP access occured: status code 404
[2012-11-12 21:26:22,93] [ERROR] Failed to resolve the routing: /core/test/testdata/top/test3
[2012-11-12 21:26:22,93] [INFO] HTTP access occured: status code 404
[2012-11-12 21:26:22,95] [ERROR] Failed to resolve the routing: /core/test/testdata/action
[2012-11-12 21:26:22,95] [INFO] HTTP access occured: status code 404
[2012-11-12 21:26:22,97] [ERROR] Failed to resolve the routing: /core/test/testdata/action2
[2012-11-12 21:26:22,97] [INFO] HTTP access occured: status code 404
[2012-11-12 21:26:22,99] [ERROR] Failed to resolve the routing: /core/test/testdata/feed.rss
[2012-11-12 21:26:22,99] [INFO] HTTP access occured: status code 404
[2012-11-12 21:26:23, 1] [ERROR] Failed to resolve the routing: /core/test/testdata/snake
[2012-11-12 21:26:23, 1] [INFO] HTTP access occured: status code 404
[2012-11-12 21:26:23, 3] [ERROR] Failed to resolve the routing: /core/test/testdata/snake2
[2012-11-12 21:26:23, 3] [INFO] HTTP access occured: status code 404
[2012-11-12 21:26:23, 6] [ERROR] Failed to resolve the routing: /core/test/testdata/encoded/ã¦ã™ã¨
[2012-11-12 21:26:23, 6] [INFO] HTTP access occured: status code 404
[2012-11-12 21:26:23, 8] [ERROR] Failed to resolve the routing: /core/test/testdata/similar/name
[2012-11-12 21:26:23, 8] [INFO] HTTP access occured: status code 404
[2012-11-12 21:26:23,10] [ERROR] Failed to resolve the routing: /core/test/testdata/similar/name/2
[2012-11-12 21:26:23,10] [INFO] HTTP access occured: status code 404
[2012-11-12 21:26:23,12] [ERROR] Failed to resolve the routing: /core/test/testdata/no_service
[2012-11-12 21:26:23,12] [INFO] HTTP access occured: status code 404
[2012-11-12 21:26:23,15] [ERROR] Failed to resolve the routing: /core/test/testdata/no_service2
[2012-11-12 21:26:23,15] [INFO] HTTP access occured: status code 404
[2012-11-12 21:26:23,17] [ERROR] Failed to resolve the routing: /core/test/testdata/exist_service_exist_model_exist_model_method_param
[2012-11-12 21:26:23,17] [INFO] HTTP access occured: status code 404
[2012-11-12 21:26:23,19] [ERROR] Failed to resolve the routing: /core/test/testdata/exist_service_exist_model_exist_model_method_params
[2012-11-12 21:26:23,19] [INFO] HTTP access occured: status code 404
[2012-11-12 21:26:23,21] [ERROR] Failed to resolve the routing: /core/test/testdata/view1
[2012-11-12 21:26:23,21] [INFO] HTTP access occured: status code 404
[2012-11-12 21:26:23,23] [ERROR] Failed to resolve the routing: /core/test/testdata/view2
[2012-11-12 21:26:23,23] [INFO] HTTP access occured: status code 404
[2012-11-12 21:26:23,25] [ERROR] Failed to resolve the routing: /core/test/testdata/view3
[2012-11-12 21:26:23,25] [INFO] HTTP access occured: status code 404
[2012-11-12 21:26:23,27] [ERROR] Failed to resolve the routing: /core/test/testdata/view4
[2012-11-12 21:26:23,27] [INFO] HTTP access occured: status code 404
[2012-11-12 21:26:23,29] [ERROR] Failed to resolve the routing: /core/test/testdata/view5
[2012-11-12 21:26:23,29] [INFO] HTTP access occured: status code 404
[2012-11-12 21:26:23,32] [ERROR] Failed to resolve the routing: /core/test/testdata/layout1
[2012-11-12 21:26:23,32] [INFO] HTTP access occured: status code 404
[2012-11-12 21:26:23,34] [ERROR] Failed to resolve the routing: /core/test/testdata/layout2
[2012-11-12 21:26:23,34] [INFO] HTTP access occured: status code 404
[2012-11-12 21:26:23,36] [ERROR] Failed to resolve the routing: /core/test/testdata/img/sample.png
[2012-11-12 21:26:23,36] [INFO] HTTP access occured: status code 404
[2012-11-12 21:26:23,38] [ERROR] Failed to resolve the routing: /core/test/testdata/img/sample2.PNG
[2012-11-12 21:26:23,38] [INFO] HTTP access occured: status code 404
[2012-11-12 21:26:23,40] [ERROR] Failed to resolve the routing: /core/test/testdata/css/sample.css
[2012-11-12 21:26:23,40] [INFO] HTTP access occured: status code 404
[2012-11-12 21:26:23,42] [ERROR] Failed to resolve the routing: /core/test/testdata/css/sample2.CSS
[2012-11-12 21:26:23,42] [INFO] HTTP access occured: status code 404
[2012-11-12 21:26:23,44] [ERROR] Failed to resolve the routing: /core/test/testdata/js/sample.js
[2012-11-12 21:26:23,44] [INFO] HTTP access occured: status code 404
[2012-11-12 21:26:23,46] [ERROR] Failed to resolve the routing: /core/test/testdata/js/sample2.JS
[2012-11-12 21:26:23,46] [INFO] HTTP access occured: status code 404
[2012-11-12 21:26:23,48] [ERROR] Failed to resolve the routing: /core/test/testdata/file/sample.xml
[2012-11-12 21:26:23,48] [INFO] HTTP access occured: status code 404
[2012-11-12 21:26:23,50] [ERROR] Failed to resolve the routing: /core/test/testdata/file/sample.rdf
[2012-11-12 21:26:23,50] [INFO] HTTP access occured: status code 404
[2012-11-12 21:26:23,53] [ERROR] Failed to resolve the routing: /core/test/testdata/file/sample.atom
[2012-11-12 21:26:23,53] [INFO] HTTP access occured: status code 404
[2012-11-12 21:26:23,55] [ERROR] Failed to resolve the routing: /core/test/testdata/file/sample.pdf
[2012-11-12 21:26:23,55] [INFO] HTTP access occured: status code 404
[2012-11-12 21:26:23,57] [ERROR] Failed to resolve the routing: /core/test/testdata/file/sample.json
[2012-11-12 21:26:23,57] [INFO] HTTP access occured: status code 404
[2012-11-12 21:26:23,59] [ERROR] Failed to resolve the routing: /core/test/testdata/file/sample.txt
[2012-11-12 21:26:23,59] [INFO] HTTP access occured: status code 404
[2012-11-12 21:26:23,61] [ERROR] Failed to resolve the routing: /core/test/testdata/file/sample.html
[2012-11-12 21:26:23,61] [INFO] HTTP access occured: status code 404
[2012-11-12 21:26:23,63] [ERROR] Failed to resolve the routing: /core/test/testdata/file/sample.htm
[2012-11-12 21:26:23,63] [INFO] HTTP access occured: status code 404
[2012-11-12 21:26:23,65] [ERROR] Failed to resolve the routing: /core/test/testdata/file/sample.php
[2012-11-12 21:26:23,65] [INFO] HTTP access occured: status code 404
[2012-11-12 21:26:23,67] [ERROR] Failed to resolve the routing: /core/test/testdata/resource/html
[2012-11-12 21:26:23,67] [INFO] HTTP access occured: status code 404
[2012-11-12 21:26:23,69] [ERROR] Failed to resolve the routing: /core/test/testdata/resource/rss
[2012-11-12 21:26:23,69] [INFO] HTTP access occured: status code 404
[2012-11-12 21:26:23,71] [ERROR] Failed to resolve the routing: /core/test/testdata/resource/xml
[2012-11-12 21:26:23,71] [INFO] HTTP access occured: status code 404
[2012-11-12 21:26:23,73] [ERROR] Failed to resolve the routing: /core/test/testdata/resource/atom
[2012-11-12 21:26:23,73] [INFO] HTTP access occured: status code 404
[2012-11-12 21:26:23,76] [ERROR] Failed to resolve the routing: /core/test/testdata/resource/rdf
[2012-11-12 21:26:23,76] [INFO] HTTP access occured: status code 404
[2012-11-12 21:26:23,78] [ERROR] Failed to resolve the routing: /core/test/testdata/get_request
[2012-11-12 21:26:23,78] [INFO] HTTP access occured: status code 404
[2012-11-12 21:26:23,80] [ERROR] Failed to resolve the routing: /core/test/testdata/post_request
[2012-11-12 21:26:23,80] [INFO] HTTP access occured: status code 404
[2012-11-12 21:26:23,83] [ERROR] Failed to resolve the routing: /core/test/testdata/set_session
[2012-11-12 21:26:23,84] [INFO] HTTP access occured: status code 404
[2012-11-12 21:26:23,85] [ERROR] Failed to resolve the routing: /core/test/testdata/get_session
[2012-11-12 21:26:23,85] [INFO] HTTP access occured: status code 404
[2012-11-12 21:26:23,87] [ERROR] Failed to resolve the routing: /core/test/testdata/status301
[2012-11-12 21:26:23,87] [INFO] HTTP access occured: status code 404
[2012-11-12 21:26:23,90] [ERROR] Failed to resolve the routing: /core/test/testdata/status400
[2012-11-12 21:26:23,90] [INFO] HTTP access occured: status code 404
[2012-11-12 21:26:23,92] [ERROR] Failed to resolve the routing: /core/test/testdata/status403
[2012-11-12 21:26:23,92] [INFO] HTTP access occured: status code 404
[2012-11-12 21:26:23,94] [ERROR] Failed to resolve the routing: /core/test/testdata/status404
[2012-11-12 21:26:23,94] [INFO] HTTP access occured: status code 404
[2012-11-12 21:26:23,96] [ERROR] Failed to resolve the routing: /core/test/testdata/status500
[2012-11-12 21:26:23,96] [INFO] HTTP access occured: status code 404
[2012-11-12 21:26:23,98] [ERROR] Failed to resolve the routing: /core/test/testdata/status_unknown
[2012-11-12 21:26:23,98] [INFO] HTTP access occured: status code 404
[2012-11-12 21:26:24, 0] [ERROR] Failed to resolve the routing: /core/test/testdata/helper1
[2012-11-12 21:26:24, 0] [INFO] HTTP access occured: status code 404
[2012-11-12 21:26:24, 3] [ERROR] Failed to resolve the routing: /core/test/testdata/helper2
[2012-11-12 21:26:24, 3] [INFO] HTTP access occured: status code 404
[2012-11-12 21:26:24, 5] [ERROR] Failed to resolve the routing: /core/test/testdata/helper3
[2012-11-12 21:26:24, 5] [INFO] HTTP access occured: status code 404
[2012-11-12 21:26:24, 7] [ERROR] Failed to resolve the routing: /core/test/testdata/helper4
[2012-11-12 21:26:24, 7] [INFO] HTTP access occured: status code 404
[2012-11-12 21:26:24, 9] [ERROR] Failed to resolve the routing: /core/test/testdata/helper5
[2012-11-12 21:26:24, 9] [INFO] HTTP access occured: status code 404
[2012-11-12 21:26:24,11] [ERROR] Failed to resolve the routing: /core/test/testdata/attr
[2012-11-12 21:26:24,11] [INFO] HTTP access occured: status code 404
[2012-11-12 21:26:24,13] [ERROR] Failed to resolve the routing: /core/test/testdata/json
[2012-11-12 21:26:24,13] [INFO] HTTP access occured: status code 404
[2012-11-12 21:26:24,16] [ERROR] Failed to resolve the routing: /core/test/testdata/jsonp
[2012-11-12 21:26:24,16] [INFO] HTTP access occured: status code 404
[2012-11-12 21:26:24,18] [ERROR] Failed to resolve the routing: /core/test/testdata/filter
[2012-11-12 21:26:24,18] [INFO] HTTP access occured: status code 404
[2012-11-12 21:26:24,20] [ERROR] Failed to resolve the routing: /core/test/testdata/filter_multi
[2012-11-12 21:26:24,20] [INFO] HTTP access occured: status code 404
[2012-11-12 21:26:24,22] [ERROR] Failed to resolve the routing: /core/test/testdata/basic_auth
[2012-11-12 21:26:24,22] [INFO] HTTP access occured: status code 404
[2012-11-12 21:26:24,24] [ERROR] Failed to resolve the routing: /core/test/testdata/response_cache
[2012-11-12 21:26:24,24] [INFO] HTTP access occured: status code 404
[2012-11-12 21:26:24,26] [ERROR] Failed to resolve the routing: /core/test/testdata/response_cache
[2012-11-12 21:26:24,26] [INFO] HTTP access occured: status code 404
[2012-11-12 21:26:24,28] [ERROR] Failed to resolve the routing: /core/test/testdata/response_cache
[2012-11-12 21:26:24,28] [INFO] HTTP access occured: status code 404
[2012-11-12 21:26:24,30] [ERROR] Failed to resolve the routing: /core/test/testdata/response_cache
[2012-11-12 21:26:24,30] [INFO] HTTP access occured: status code 404
[2012-11-12 21:26:27,32] [ERROR] Failed to resolve the routing: /core/test/testdata/response_cache
[2012-11-12 21:26:27,32] [INFO] HTTP access occured: status code 404
[2012-11-12 21:26:27,34] [ERROR] Failed to resolve the routing: /core/test/testdata/response_cache
[2012-11-12 21:26:27,34] [INFO] HTTP access occured: status code 404
[2012-11-12 21:26:27,37] [ERROR] Failed to resolve the routing: /core/test/testdata/handled_csrf_view
[2012-11-12 21:26:27,37] [INFO] HTTP access occured: status code 404
[2012-11-12 21:26:27,39] [ERROR] Failed to resolve the routing: /core/test/testdata/handled_csrf
[2012-11-12 21:26:27,39] [INFO] HTTP access occured: status code 404
[2012-11-12 21:26:27,41] [ERROR] Failed to resolve the routing: /core/test/testdata/handled_session_timeout
[2012-11-12 21:26:27,41] [INFO] HTTP access occured: status code 404
[2012-11-12 21:26:27,43] [ERROR] Session timeout
	#0 /Users/stay/workspace2/WebStream/core/Session.php(83): WebStream\Session->__construct(0, '/', '')
	#1 /Users/stay/workspace2/WebStream/core/Application.php(88): WebStream\Session::start()
	#2 /Users/stay/workspace2/WebStream/bootstrap.php(21): WebStream\Application->run()
	#3 /Users/stay/workspace2/WebStream/index.php(2): require('/Users/stay/wor...')
	#4 {main}
[2012-11-12 21:26:27,43] [FATAL] Uncaught exception 'ReflectionException' with message 'Class \WebStream\ does not exist' in /Users/stay/workspace2/WebStream/core/Application.php:185
Stack trace:
#0 /Users/stay/workspace2/WebStream/core/Application.php(185): ReflectionClass->__construct('\WebStream\')
#1 /Users/stay/workspace2/WebStream/core/Application.php(117): WebStream\Application->handle(Object(WebStream\SessionTimeoutException))
#2 /Users/stay/workspace2/WebStream/bootstrap.php(21): WebStream\Application->run()
#3 /Users/stay/workspace2/WebStream/index.php(2): require('/Users/stay/wor...')
#4 {main}
  thrown /Users/stay/workspace2/WebStream/core/Application.php(185)
[2012-11-12 21:26:27,45] [ERROR] Failed to resolve the routing: /core/test/testdata/notfound/controller
[2012-11-12 21:26:27,45] [INFO] HTTP access occured: status code 404
[2012-11-12 21:26:27,47] [ERROR] Failed to resolve the routing: /core/test/testdata/notfound/action
[2012-11-12 21:26:27,47] [INFO] HTTP access occured: status code 404
[2012-11-12 21:26:27,49] [ERROR] Failed to resolve the routing: /core/test/testdata/notdefine
[2012-11-12 21:26:27,49] [INFO] HTTP access occured: status code 404
[2012-11-12 21:26:27,51] [ERROR] Failed to resolve the routing: /core/test/testdata/render
[2012-11-12 21:26:27,51] [INFO] HTTP access occured: status code 404
[2012-11-12 21:26:27,53] [ERROR] Failed to resolve the routing: /core/test/testdata/layout
[2012-11-12 21:26:27,53] [INFO] HTTP access occured: status code 404
[2012-11-12 21:26:27,55] [ERROR] Failed to resolve the routing: /core/test/testdata/layout
[2012-11-12 21:26:27,55] [INFO] HTTP access occured: status code 404
[2012-11-12 21:26:27,58] [ERROR] Failed to resolve the routing: /core/test/testdata/load
[2012-11-12 21:26:27,58] [INFO] HTTP access occured: status code 404
[2012-11-12 21:26:27,60] [ERROR] Failed to resolve the routing: /core/test/testdata/error2
[2012-11-12 21:26:27,60] [INFO] HTTP access occured: status code 404
[2012-11-12 21:26:27,62] [ERROR] Failed to resolve the routing: /core/test/testdata/error3
[2012-11-12 21:26:27,62] [INFO] HTTP access occured: status code 404
[2012-11-12 21:26:27,64] [ERROR] Failed to resolve the routing: /core/test/testdata/error3
[2012-11-12 21:26:27,64] [INFO] HTTP access occured: status code 404
[2012-11-12 21:26:27,70] [ERROR] Failed to resolve the routing: /core/test/testdata/snake_ng1
[2012-11-12 21:26:27,70] [INFO] HTTP access occured: status code 404
[2012-11-12 21:26:27,72] [ERROR] Failed to resolve the routing: /core/test/testdata/snake_ng2
[2012-11-12 21:26:27,72] [INFO] HTTP access occured: status code 404
[2012-11-12 21:26:27,74] [ERROR] Failed to resolve the routing: /core/test/testdata/encoded/¤Æ¤¹¤È
[2012-11-12 21:26:27,74] [INFO] HTTP access occured: status code 404
[2012-11-12 21:26:27,76] [ERROR] Failed to resolve the routing: /core/test/testdata/encoded/‚Ä‚·‚Æ
[2012-11-12 21:26:27,76] [INFO] HTTP access occured: status code 404
[2012-11-12 21:26:27,78] [ERROR] Failed to resolve the routing: /core/test/testdata/no_service_no_model
[2012-11-12 21:26:27,78] [INFO] HTTP access occured: status code 404
[2012-11-12 21:26:27,81] [ERROR] Failed to resolve the routing: /core/test/testdata/exist_service_exist_model_no_method
[2012-11-12 21:26:27,81] [INFO] HTTP access occured: status code 404
[2012-11-12 21:26:27,83] [ERROR] Failed to resolve the routing: /core/test/testdata/no_service_exist_model_no_method
[2012-11-12 21:26:27,83] [INFO] HTTP access occured: status code 404
[2012-11-12 21:26:27,85] [ERROR] Failed to resolve the routing: /core/test/testdata/exist_service_no_model_no_method
[2012-11-12 21:26:27,85] [INFO] HTTP access occured: status code 404
[2012-11-12 21:26:27,87] [ERROR] Failed to resolve the routing: /core/test/testdata/notfound_render
[2012-11-12 21:26:27,87] [INFO] HTTP access occured: status code 404
[2012-11-12 21:26:27,89] [ERROR] Failed to resolve the routing: /core/test/testdata/helper6
[2012-11-12 21:26:27,89] [INFO] HTTP access occured: status code 404
[2012-11-12 21:26:27,92] [ERROR] Failed to resolve the routing: /core/test/testdata/basic_auth
[2012-11-12 21:26:27,92] [INFO] HTTP access occured: status code 404
[2012-11-12 21:26:27,94] [ERROR] Failed to resolve the routing: /core/test/testdata/basic_auth2
[2012-11-12 21:26:27,94] [INFO] HTTP access occured: status code 404
[2012-11-12 21:26:27,96] [ERROR] Failed to resolve the routing: /core/test/testdata/get_only
[2012-11-12 21:26:27,96] [INFO] HTTP access occured: status code 404
[2012-11-12 21:26:27,98] [ERROR] Failed to resolve the routing: /core/test/testdata/post_only
[2012-11-12 21:26:27,98] [INFO] HTTP access occured: status code 404
[2012-11-12 21:28:01,48] [ERROR] Failed to resolve the routing: /core/test/
[2012-11-12 21:28:01,48] [INFO] HTTP access occured: status code 404
